<?xml version="1.0" encoding="UTF-8"?>
<!-- Generated by org.testng.reporters.JUnitReportReporter -->
<testsuite hostname="192-168-1-107.tpgi.com.au" failures="0" tests="1" name="serviceRequest.GetData" time="4.112" errors="0" timestamp="2021-03-15T17:23:19 AEDT" skipped="0">
  <testcase classname="serviceRequest.GetData" name="getResposeData" time="4.112"/>
  <system-out/>
</testsuite> <!-- serviceRequest.GetData -->
